<?xml version="1.0" encoding="UTF-8"?>
<!-- Generated by org.testng.reporters.JUnitReportReporter -->
<testsuite hostname="DESKTOP-UBJL9G9" failures="0" tests="1" name="LcoPortal.BulkPayment.BulkPaymentTest" time="8.228" errors="0" timestamp="2024-03-27T18:06:25 IST" skipped="0">
  <testcase classname="LcoPortal.BulkPayment.BulkPaymentTest" name="bulkPaymentTC3043Test" time="8.228"/>
</testsuite> <!-- LcoPortal.BulkPayment.BulkPaymentTest -->
