<?xml version="1.0" encoding="UTF-8"?>
<!-- Generated by org.testng.reporters.JUnitReportReporter -->
<testsuite hostname="DESKTOP-UBJL9G9" failures="0" tests="1" name="LcoPortal.NewActivation.NewActivationTest" time="4.010" errors="0" timestamp="2024-02-20T18:55:11 IST" skipped="0">
  <testcase classname="LcoPortal.NewActivation.NewActivationTest" name="test" time="4.010"/>
</testsuite> <!-- LcoPortal.NewActivation.NewActivationTest -->
