<?xml version="1.0" encoding="UTF-8"?>
<!-- Generated by org.testng.reporters.JUnitReportReporter -->
<testsuite hostname="DESKTOP-UBJL9G9" failures="0" tests="1" name="LcoPortal.PairUnpair.UnPairTC3432Test" time="12.403" errors="0" timestamp="2024-04-05T18:07:02 IST" skipped="0">
  <testcase classname="LcoPortal.PairUnpair.UnPairTC3432Test" name="unPairTC3432Test" time="12.403"/>
</testsuite> <!-- LcoPortal.PairUnpair.UnPairTC3432Test -->
