<?xml version="1.0" encoding="UTF-8"?>
<!-- Generated by org.testng.reporters.JUnitReportReporter -->
<testsuite hostname="DESKTOP-UBJL9G9" failures="0" tests="1" name="LcoPortal.BulkPayment.BulkPaymentTest" time="5.959" errors="0" timestamp="2024-02-23T18:44:19 IST" skipped="0">
  <testcase classname="LcoPortal.BulkPayment.BulkPaymentTest" name="test" time="5.959"/>
</testsuite> <!-- LcoPortal.BulkPayment.BulkPaymentTest -->
