<?xml version="1.0" encoding="UTF-8"?>
<!-- Generated by org.testng.reporters.JUnitReportReporter -->
<testsuite hostname="DESKTOP-UBJL9G9" failures="0" tests="1" name="LcoPortal.BulkPayment.BulkPaymentTest" time="0.903" errors="0" timestamp="2024-04-05T18:07:02 IST" skipped="0">
  <testcase classname="LcoPortal.BulkPayment.BulkPaymentTest" name="bulkPaymentTC3043Test" time="0.903"/>
</testsuite> <!-- LcoPortal.BulkPayment.BulkPaymentTest -->
