<?xml version="1.0" encoding="UTF-8"?>
<!-- Generated by org.testng.reporters.JUnitReportReporter -->
<testsuite hostname="DESKTOP-UBJL9G9" failures="0" tests="1" name="LcoPortal.Reports.InvoiceSummaryTest" time="12.312" errors="0" timestamp="2024-04-05T12:48:59 IST" skipped="0">
  <testcase classname="LcoPortal.Reports.InvoiceSummaryTest" name="test" time="12.312"/>
</testsuite> <!-- LcoPortal.Reports.InvoiceSummaryTest -->
