<?xml version="1.0" encoding="UTF-8"?>
<!-- Generated by org.testng.reporters.JUnitReportReporter -->
<testsuite hostname="DESKTOP-UBJL9G9" failures="0" tests="1" name="LcoPortal.PairUnpair.PairTC3393Test" time="1.553" errors="0" timestamp="2024-04-05T18:07:02 IST" skipped="0">
  <testcase classname="LcoPortal.PairUnpair.PairTC3393Test" name="pairTC3393Test" time="1.553"/>
</testsuite> <!-- LcoPortal.PairUnpair.PairTC3393Test -->
