<?xml version="1.0" encoding="UTF-8"?>
<!-- Generated by org.testng.reporters.JUnitReportReporter -->
<testsuite hostname="DESKTOP-UBJL9G9" failures="0" tests="1" name="LcoPortal.PairUnpair.PairUnpairTest" time="2.340" errors="0" timestamp="2024-04-01T16:01:11 IST" skipped="0">
  <testcase classname="LcoPortal.PairUnpair.PairUnpairTest" name="pair3Test" time="2.340"/>
</testsuite> <!-- LcoPortal.PairUnpair.PairUnpairTest -->
