<?xml version="1.0" encoding="UTF-8"?>
<!-- Generated by org.testng.reporters.JUnitReportReporter -->
<testsuite hostname="DESKTOP-UBJL9G9" failures="0" tests="1" name="LcoPortal.Reports.InvoiceSummaryTest" time="3.784" errors="0" timestamp="2024-04-03T11:41:44 IST" skipped="0">
  <testcase classname="LcoPortal.Reports.InvoiceSummaryTest" name="test" time="3.784"/>
</testsuite> <!-- LcoPortal.Reports.InvoiceSummaryTest -->
