<?xml version="1.0" encoding="UTF-8"?>
<!-- Generated by org.testng.reporters.JUnitReportReporter -->
<testsuite hostname="DESKTOP-UBJL9G9" failures="0" tests="1" name="LcoPortal.GlobalSearch.GlobalSearch" time="3.017" errors="0" timestamp="2024-03-28T17:40:24 IST" skipped="0">
  <testcase classname="LcoPortal.GlobalSearch.GlobalSearch" name="test" time="3.017"/>
</testsuite> <!-- LcoPortal.GlobalSearch.GlobalSearch -->
