<?xml version="1.0" encoding="UTF-8"?>
<!-- Generated by org.testng.reporters.JUnitReportReporter -->
<testsuite hostname="DESKTOP-UBJL9G9" failures="0" tests="1" name="LcoPortal.PairUnpair.PairUnpairTest" time="2.899" errors="0" timestamp="2024-03-29T15:47:17 IST" skipped="0">
  <testcase classname="LcoPortal.PairUnpair.PairUnpairTest" name="pair1Test" time="2.899"/>
</testsuite> <!-- LcoPortal.PairUnpair.PairUnpairTest -->
