<?xml version="1.0" encoding="UTF-8"?>
<!-- Generated by org.testng.reporters.JUnitReportReporter -->
<testsuite hostname="DESKTOP-UBJL9G9" failures="0" tests="1" name="LcoPortal.BulkPayment.BulkPaymentTest" time="9.845" errors="0" timestamp="2024-02-22T13:00:24 IST" skipped="0">
  <testcase classname="LcoPortal.BulkPayment.BulkPaymentTest" name="test" time="9.845"/>
</testsuite> <!-- LcoPortal.BulkPayment.BulkPaymentTest -->
